2023-07-10T03:19:13.583-04:00  WARN 1892 --- [HikariPool-1 housekeeper] com.zaxxer.hikari.pool.HikariPool        : HikariPool-1 - Thread starvation or clock leap detected (housekeeper delta=4h30m49s165ms429µs300ns).
2023-07-10T08:17:23.875-04:00  WARN 1892 --- [HikariPool-1 housekeeper] com.zaxxer.hikari.pool.HikariPool        : HikariPool-1 - Thread starvation or clock leap detected (housekeeper delta=4h56m38s243ms34µs100ns).
2023-07-10T08:41:42.952-04:00  WARN 1892 --- [HikariPool-1 housekeeper] com.zaxxer.hikari.pool.HikariPool        : HikariPool-1 - Thread starvation or clock leap detected (housekeeper delta=8m48s835ms229µs700ns).
2023-07-10T08:42:07.495-04:00 DEBUG 1892 --- [http-nio-8081-exec-4] org.hibernate.SQL                        : select u1_0.id,u1_0.email,u1_0.name,u1_0.password from users u1_0 where u1_0.email=?
2023-07-10T08:42:07.518-04:00 DEBUG 1892 --- [http-nio-8081-exec-4] org.hibernate.SQL                        : select r1_0.user_id,r1_1.id,r1_1.name from users_roles r1_0 join roles r1_1 on r1_1.id=r1_0.role_id where r1_0.user_id=?
2023-07-10T08:42:39.440-04:00 DEBUG 1892 --- [http-nio-8081-exec-2] org.hibernate.SQL                        : select r1_0.id,r1_0.datetime,r1_0.email,r1_0.name,r1_0.num_guests from reservation r1_0 where r1_0.email=?
2023-07-10T08:42:39.477-04:00 DEBUG 1892 --- [http-nio-8081-exec-2] org.hibernate.SQL                        : select next_val as id_val from reservation_seq for update
2023-07-10T08:42:39.482-04:00 DEBUG 1892 --- [http-nio-8081-exec-2] org.hibernate.SQL                        : update reservation_seq set next_val= ? where next_val=?
2023-07-10T08:42:39.493-04:00 DEBUG 1892 --- [http-nio-8081-exec-2] org.hibernate.SQL                        : insert into reservation (datetime, email, name, num_guests, id) values (?, ?, ?, ?, ?)
2023-07-10T09:43:48.887-04:00  INFO 1892 --- [RMI TCP Connection(159)-127.0.0.1] inMXBeanRegistrar$SpringApplicationAdmin : Application shutdown requested.
2023-07-10T09:43:48.950-04:00  INFO 1892 --- [RMI TCP Connection(159)-127.0.0.1] o.apache.catalina.core.StandardService   : Stopping service [Tomcat]
2023-07-10T09:43:48.956-04:00  INFO 1892 --- [RMI TCP Connection(159)-127.0.0.1] o.a.c.c.C.[Tomcat].[localhost].[/]       : Destroying Spring FrameworkServlet 'dispatcherServlet'
2023-07-10T09:43:48.976-04:00  INFO 1892 --- [RMI TCP Connection(159)-127.0.0.1] j.LocalContainerEntityManagerFactoryBean : Closing JPA EntityManagerFactory for persistence unit 'default'
2023-07-10T09:43:48.989-04:00  INFO 1892 --- [RMI TCP Connection(159)-127.0.0.1] com.zaxxer.hikari.HikariDataSource       : HikariPool-1 - Shutdown initiated...
2023-07-10T09:43:48.996-04:00  INFO 1892 --- [RMI TCP Connection(159)-127.0.0.1] com.zaxxer.hikari.HikariDataSource       : HikariPool-1 - Shutdown completed.
2023-07-10T11:11:32.012-04:00  INFO 2200 --- [restartedMain] c.capstone.CapStoneProjectApplication    : Starting CapStoneProjectApplication using Java 17.0.4.1 with PID 2200 (C:\Users\Bhake\Downloads\CapStoneProject\CapStoneProject\target\classes started by Bhake in C:\Users\Bhake\Downloads\CapStoneProject\CapStoneProject)
2023-07-10T11:11:32.014-04:00  INFO 2200 --- [restartedMain] c.capstone.CapStoneProjectApplication    : No active profile set, falling back to 1 default profile: "default"
2023-07-10T11:11:32.067-04:00  INFO 2200 --- [restartedMain] .e.DevToolsPropertyDefaultsPostProcessor : Devtools property defaults active! Set 'spring.devtools.add-properties' to 'false' to disable
2023-07-10T11:11:32.068-04:00  INFO 2200 --- [restartedMain] .e.DevToolsPropertyDefaultsPostProcessor : For additional web related logging consider setting the 'logging.level.web' property to 'DEBUG'
2023-07-10T11:11:32.643-04:00  INFO 2200 --- [restartedMain] .s.d.r.c.RepositoryConfigurationDelegate : Bootstrapping Spring Data JPA repositories in DEFAULT mode.
2023-07-10T11:11:32.700-04:00  INFO 2200 --- [restartedMain] .s.d.r.c.RepositoryConfigurationDelegate : Finished Spring Data repository scanning in 51 ms. Found 4 JPA repository interfaces.
2023-07-10T11:11:33.234-04:00  INFO 2200 --- [restartedMain] o.s.b.w.embedded.tomcat.TomcatWebServer  : Tomcat initialized with port(s): 8081 (http)
2023-07-10T11:11:33.244-04:00  INFO 2200 --- [restartedMain] o.apache.catalina.core.StandardService   : Starting service [Tomcat]
2023-07-10T11:11:33.245-04:00  INFO 2200 --- [restartedMain] o.apache.catalina.core.StandardEngine    : Starting Servlet engine: [Apache Tomcat/10.1.4]
2023-07-10T11:11:33.303-04:00  INFO 2200 --- [restartedMain] o.a.c.c.C.[Tomcat].[localhost].[/]       : Initializing Spring embedded WebApplicationContext
2023-07-10T11:11:33.304-04:00  INFO 2200 --- [restartedMain] w.s.c.ServletWebServerApplicationContext : Root WebApplicationContext: initialization completed in 1236 ms
2023-07-10T11:11:33.429-04:00  INFO 2200 --- [restartedMain] o.hibernate.jpa.internal.util.LogHelper  : HHH000204: Processing PersistenceUnitInfo [name: default]
2023-07-10T11:11:33.490-04:00  INFO 2200 --- [restartedMain] org.hibernate.Version                    : HHH000412: Hibernate ORM core version 6.1.6.Final
2023-07-10T11:11:33.638-04:00  WARN 2200 --- [restartedMain] org.hibernate.orm.deprecation            : HHH90000021: Encountered deprecated setting [javax.persistence.sharedCache.mode], use [jakarta.persistence.sharedCache.mode] instead
2023-07-10T11:11:33.747-04:00  INFO 2200 --- [restartedMain] com.zaxxer.hikari.HikariDataSource       : HikariPool-1 - Starting...
2023-07-10T11:11:33.885-04:00  INFO 2200 --- [restartedMain] com.zaxxer.hikari.pool.HikariPool        : HikariPool-1 - Added connection com.mysql.cj.jdbc.ConnectionImpl@187ac831
2023-07-10T11:11:33.889-04:00  INFO 2200 --- [restartedMain] com.zaxxer.hikari.HikariDataSource       : HikariPool-1 - Start completed.
2023-07-10T11:11:33.933-04:00  INFO 2200 --- [restartedMain] SQL dialect                              : HHH000400: Using dialect: org.hibernate.dialect.MySQLDialect
2023-07-10T11:11:34.687-04:00  INFO 2200 --- [restartedMain] o.h.e.t.j.p.i.JtaPlatformInitiator       : HHH000490: Using JtaPlatform implementation: [org.hibernate.engine.transaction.jta.platform.internal.NoJtaPlatform]
2023-07-10T11:11:34.697-04:00  INFO 2200 --- [restartedMain] j.LocalContainerEntityManagerFactoryBean : Initialized JPA EntityManagerFactory for persistence unit 'default'
2023-07-10T11:11:35.064-04:00  WARN 2200 --- [restartedMain] JpaBaseConfiguration$JpaWebConfiguration : spring.jpa.open-in-view is enabled by default. Therefore, database queries may be performed during view rendering. Explicitly configure spring.jpa.open-in-view to disable this warning
2023-07-10T11:11:35.142-04:00  INFO 2200 --- [restartedMain] o.s.b.a.w.s.WelcomePageHandlerMapping    : Adding welcome page template: index
2023-07-10T11:11:35.277-04:00  INFO 2200 --- [restartedMain] o.s.s.web.DefaultSecurityFilterChain     : Will secure any request with [org.springframework.security.web.session.DisableEncodeUrlFilter@59c11229, org.springframework.security.web.context.request.async.WebAsyncManagerIntegrationFilter@63f69bf6, org.springframework.security.web.context.SecurityContextHolderFilter@5912403f, org.springframework.security.web.header.HeaderWriterFilter@7dc94b2c, org.springframework.security.web.authentication.logout.LogoutFilter@2af32504, org.springframework.security.web.authentication.UsernamePasswordAuthenticationFilter@5ad791aa, org.springframework.security.web.savedrequest.RequestCacheAwareFilter@272ed24d, org.springframework.security.web.servletapi.SecurityContextHolderAwareRequestFilter@3216e4a9, org.springframework.security.web.authentication.AnonymousAuthenticationFilter@5ca0ce3, org.springframework.security.web.access.ExceptionTranslationFilter@45963e7, org.springframework.security.web.access.intercept.AuthorizationFilter@2c72dff8]
2023-07-10T11:11:35.462-04:00  INFO 2200 --- [restartedMain] o.s.b.d.a.OptionalLiveReloadServer       : LiveReload server is running on port 35729
2023-07-10T11:11:35.495-04:00  INFO 2200 --- [restartedMain] o.s.b.w.embedded.tomcat.TomcatWebServer  : Tomcat started on port(s): 8081 (http) with context path ''
2023-07-10T11:11:35.504-04:00  INFO 2200 --- [restartedMain] c.capstone.CapStoneProjectApplication    : Started CapStoneProjectApplication in 3.872 seconds (process running for 4.735)
2023-07-10T11:11:41.656-04:00  INFO 2200 --- [http-nio-8081-exec-1] o.a.c.c.C.[Tomcat].[localhost].[/]       : Initializing Spring DispatcherServlet 'dispatcherServlet'
2023-07-10T11:11:41.657-04:00  INFO 2200 --- [http-nio-8081-exec-1] o.s.web.servlet.DispatcherServlet        : Initializing Servlet 'dispatcherServlet'
2023-07-10T11:11:41.658-04:00  INFO 2200 --- [http-nio-8081-exec-1] o.s.web.servlet.DispatcherServlet        : Completed initialization in 1 ms
2023-07-10T11:11:52.971-04:00 DEBUG 2200 --- [http-nio-8081-exec-6] org.hibernate.SQL                        : select u1_0.id,u1_0.email,u1_0.name,u1_0.password from users u1_0 where u1_0.email=?
2023-07-10T11:11:53.006-04:00 DEBUG 2200 --- [http-nio-8081-exec-6] org.hibernate.SQL                        : select r1_0.user_id,r1_1.id,r1_1.name from users_roles r1_0 join roles r1_1 on r1_1.id=r1_0.role_id where r1_0.user_id=?
2023-07-10T11:13:28.282-04:00 DEBUG 2200 --- [http-nio-8081-exec-1] org.hibernate.SQL                        : select u1_0.id,u1_0.email,u1_0.name,u1_0.password from users u1_0 where u1_0.email=?
2023-07-10T11:13:28.396-04:00 DEBUG 2200 --- [http-nio-8081-exec-1] org.hibernate.SQL                        : select r1_0.id,r1_0.name from roles r1_0 where r1_0.name=?
2023-07-10T11:13:28.468-04:00 DEBUG 2200 --- [http-nio-8081-exec-1] org.hibernate.SQL                        : insert into users (email, name, password) values (?, ?, ?)
2023-07-10T11:13:28.510-04:00 DEBUG 2200 --- [http-nio-8081-exec-1] org.hibernate.SQL                        : insert into users_roles (user_id, role_id) values (?, ?)
2023-07-10T11:14:15.451-04:00 DEBUG 2200 --- [http-nio-8081-exec-5] org.hibernate.SQL                        : select u1_0.id,u1_0.email,u1_0.name,u1_0.password from users u1_0 where u1_0.email=?
2023-07-10T11:14:15.456-04:00 DEBUG 2200 --- [http-nio-8081-exec-5] org.hibernate.SQL                        : select r1_0.user_id,r1_1.id,r1_1.name from users_roles r1_0 join roles r1_1 on r1_1.id=r1_0.role_id where r1_0.user_id=?
2023-07-10T11:16:15.777-04:00  INFO 2200 --- [File Watcher] rtingClassPathChangeChangedEventListener : Restarting due to 1 class path change (1 addition, 0 deletions, 0 modifications)
2023-07-10T11:16:15.792-04:00  INFO 2200 --- [Thread-5] o.apache.catalina.core.StandardService   : Stopping service [Tomcat]
2023-07-10T11:16:15.794-04:00  INFO 2200 --- [Thread-5] o.a.c.c.C.[Tomcat].[localhost].[/]       : Destroying Spring FrameworkServlet 'dispatcherServlet'
2023-07-10T11:16:15.816-04:00  INFO 2200 --- [Thread-5] j.LocalContainerEntityManagerFactoryBean : Closing JPA EntityManagerFactory for persistence unit 'default'
2023-07-10T11:16:15.820-04:00  INFO 2200 --- [Thread-5] com.zaxxer.hikari.HikariDataSource       : HikariPool-1 - Shutdown initiated...
2023-07-10T11:16:15.828-04:00  INFO 2200 --- [Thread-5] com.zaxxer.hikari.HikariDataSource       : HikariPool-1 - Shutdown completed.
2023-07-10T11:16:15.900-04:00  INFO 2200 --- [restartedMain] c.capstone.CapStoneProjectApplication    : Starting CapStoneProjectApplication using Java 17.0.4.1 with PID 2200 (C:\Users\Bhake\Downloads\CapStoneProject\CapStoneProject\target\classes started by Bhake in C:\Users\Bhake\Downloads\CapStoneProject\CapStoneProject)
2023-07-10T11:16:15.901-04:00  INFO 2200 --- [restartedMain] c.capstone.CapStoneProjectApplication    : No active profile set, falling back to 1 default profile: "default"
2023-07-10T11:16:16.024-04:00  INFO 2200 --- [restartedMain] .s.d.r.c.RepositoryConfigurationDelegate : Bootstrapping Spring Data JPA repositories in DEFAULT mode.
2023-07-10T11:16:16.034-04:00  INFO 2200 --- [restartedMain] .s.d.r.c.RepositoryConfigurationDelegate : Finished Spring Data repository scanning in 9 ms. Found 4 JPA repository interfaces.
2023-07-10T11:16:16.107-04:00  INFO 2200 --- [restartedMain] o.s.b.w.embedded.tomcat.TomcatWebServer  : Tomcat initialized with port(s): 8081 (http)
2023-07-10T11:16:16.107-04:00  INFO 2200 --- [restartedMain] o.apache.catalina.core.StandardService   : Starting service [Tomcat]
2023-07-10T11:16:16.107-04:00  INFO 2200 --- [restartedMain] o.apache.catalina.core.StandardEngine    : Starting Servlet engine: [Apache Tomcat/10.1.4]
2023-07-10T11:16:16.119-04:00  INFO 2200 --- [restartedMain] o.a.c.c.C.[Tomcat].[localhost].[/]       : Initializing Spring embedded WebApplicationContext
2023-07-10T11:16:16.119-04:00  INFO 2200 --- [restartedMain] w.s.c.ServletWebServerApplicationContext : Root WebApplicationContext: initialization completed in 217 ms
2023-07-10T11:16:16.153-04:00  INFO 2200 --- [restartedMain] o.hibernate.jpa.internal.util.LogHelper  : HHH000204: Processing PersistenceUnitInfo [name: default]
2023-07-10T11:16:16.155-04:00  WARN 2200 --- [restartedMain] org.hibernate.orm.deprecation            : HHH90000021: Encountered deprecated setting [javax.persistence.sharedCache.mode], use [jakarta.persistence.sharedCache.mode] instead
2023-07-10T11:16:16.158-04:00  INFO 2200 --- [restartedMain] com.zaxxer.hikari.HikariDataSource       : HikariPool-2 - Starting...
2023-07-10T11:16:16.163-04:00  INFO 2200 --- [restartedMain] com.zaxxer.hikari.pool.HikariPool        : HikariPool-2 - Added connection com.mysql.cj.jdbc.ConnectionImpl@7ae5b02b
2023-07-10T11:16:16.163-04:00  INFO 2200 --- [restartedMain] com.zaxxer.hikari.HikariDataSource       : HikariPool-2 - Start completed.
2023-07-10T11:16:16.165-04:00  INFO 2200 --- [restartedMain] SQL dialect                              : HHH000400: Using dialect: org.hibernate.dialect.MySQLDialect
2023-07-10T11:16:16.255-04:00  INFO 2200 --- [restartedMain] o.h.e.t.j.p.i.JtaPlatformInitiator       : HHH000490: Using JtaPlatform implementation: [org.hibernate.engine.transaction.jta.platform.internal.NoJtaPlatform]
2023-07-10T11:16:16.255-04:00  INFO 2200 --- [restartedMain] j.LocalContainerEntityManagerFactoryBean : Initialized JPA EntityManagerFactory for persistence unit 'default'
2023-07-10T11:16:16.349-04:00  WARN 2200 --- [restartedMain] JpaBaseConfiguration$JpaWebConfiguration : spring.jpa.open-in-view is enabled by default. Therefore, database queries may be performed during view rendering. Explicitly configure spring.jpa.open-in-view to disable this warning
2023-07-10T11:16:16.362-04:00  INFO 2200 --- [restartedMain] o.s.b.a.w.s.WelcomePageHandlerMapping    : Adding welcome page template: index
2023-07-10T11:16:16.406-04:00  INFO 2200 --- [restartedMain] o.s.s.web.DefaultSecurityFilterChain     : Will secure any request with [org.springframework.security.web.session.DisableEncodeUrlFilter@70520da0, org.springframework.security.web.context.request.async.WebAsyncManagerIntegrationFilter@32c5eb4, org.springframework.security.web.context.SecurityContextHolderFilter@7f83c626, org.springframework.security.web.header.HeaderWriterFilter@7696b28b, org.springframework.security.web.authentication.logout.LogoutFilter@11bd6997, org.springframework.security.web.authentication.UsernamePasswordAuthenticationFilter@63fa200c, org.springframework.security.web.savedrequest.RequestCacheAwareFilter@369bfbd4, org.springframework.security.web.servletapi.SecurityContextHolderAwareRequestFilter@5a83dcd3, org.springframework.security.web.authentication.AnonymousAuthenticationFilter@535639d5, org.springframework.security.web.access.ExceptionTranslationFilter@2a18cd91, org.springframework.security.web.access.intercept.AuthorizationFilter@54809559]
2023-07-10T11:16:16.476-04:00  INFO 2200 --- [restartedMain] o.s.b.d.a.OptionalLiveReloadServer       : LiveReload server is running on port 35729
2023-07-10T11:16:16.486-04:00  INFO 2200 --- [restartedMain] o.s.b.w.embedded.tomcat.TomcatWebServer  : Tomcat started on port(s): 8081 (http) with context path ''
2023-07-10T11:16:16.489-04:00  INFO 2200 --- [restartedMain] c.capstone.CapStoneProjectApplication    : Started CapStoneProjectApplication in 0.618 seconds (process running for 285.72)
2023-07-10T11:16:16.490-04:00  INFO 2200 --- [restartedMain] .ConditionEvaluationDeltaLoggingListener : Condition evaluation unchanged
2023-07-10T11:17:29.550-04:00  INFO 2200 --- [File Watcher] rtingClassPathChangeChangedEventListener : Restarting due to 3 class path changes (2 additions, 0 deletions, 1 modification)
2023-07-10T11:17:29.561-04:00  INFO 2200 --- [Thread-7] o.apache.catalina.core.StandardService   : Stopping service [Tomcat]
2023-07-10T11:17:29.568-04:00  INFO 2200 --- [Thread-7] j.LocalContainerEntityManagerFactoryBean : Closing JPA EntityManagerFactory for persistence unit 'default'
2023-07-10T11:17:29.569-04:00  INFO 2200 --- [Thread-7] com.zaxxer.hikari.HikariDataSource       : HikariPool-2 - Shutdown initiated...
2023-07-10T11:17:29.572-04:00  INFO 2200 --- [Thread-7] com.zaxxer.hikari.HikariDataSource       : HikariPool-2 - Shutdown completed.
2023-07-10T11:17:29.646-04:00  INFO 2200 --- [restartedMain] c.capstone.CapStoneProjectApplication    : Starting CapStoneProjectApplication using Java 17.0.4.1 with PID 2200 (C:\Users\Bhake\Downloads\CapStoneProject\CapStoneProject\target\classes started by Bhake in C:\Users\Bhake\Downloads\CapStoneProject\CapStoneProject)
2023-07-10T11:17:29.647-04:00  INFO 2200 --- [restartedMain] c.capstone.CapStoneProjectApplication    : No active profile set, falling back to 1 default profile: "default"
2023-07-10T11:17:29.765-04:00  INFO 2200 --- [restartedMain] .s.d.r.c.RepositoryConfigurationDelegate : Bootstrapping Spring Data JPA repositories in DEFAULT mode.
2023-07-10T11:17:29.774-04:00  INFO 2200 --- [restartedMain] .s.d.r.c.RepositoryConfigurationDelegate : Finished Spring Data repository scanning in 9 ms. Found 4 JPA repository interfaces.
2023-07-10T11:17:29.828-04:00  INFO 2200 --- [restartedMain] o.s.b.w.embedded.tomcat.TomcatWebServer  : Tomcat initialized with port(s): 8081 (http)
2023-07-10T11:17:29.828-04:00  INFO 2200 --- [restartedMain] o.apache.catalina.core.StandardService   : Starting service [Tomcat]
2023-07-10T11:17:29.828-04:00  INFO 2200 --- [restartedMain] o.apache.catalina.core.StandardEngine    : Starting Servlet engine: [Apache Tomcat/10.1.4]
2023-07-10T11:17:29.840-04:00  INFO 2200 --- [restartedMain] o.a.c.c.C.[Tomcat].[localhost].[/]       : Initializing Spring embedded WebApplicationContext
2023-07-10T11:17:29.840-04:00  INFO 2200 --- [restartedMain] w.s.c.ServletWebServerApplicationContext : Root WebApplicationContext: initialization completed in 192 ms
2023-07-10T11:17:29.869-04:00  INFO 2200 --- [restartedMain] o.hibernate.jpa.internal.util.LogHelper  : HHH000204: Processing PersistenceUnitInfo [name: default]
2023-07-10T11:17:29.871-04:00  WARN 2200 --- [restartedMain] org.hibernate.orm.deprecation            : HHH90000021: Encountered deprecated setting [javax.persistence.sharedCache.mode], use [jakarta.persistence.sharedCache.mode] instead
2023-07-10T11:17:29.873-04:00  INFO 2200 --- [restartedMain] com.zaxxer.hikari.HikariDataSource       : HikariPool-3 - Starting...
2023-07-10T11:17:29.878-04:00  INFO 2200 --- [restartedMain] com.zaxxer.hikari.pool.HikariPool        : HikariPool-3 - Added connection com.mysql.cj.jdbc.ConnectionImpl@5e69d46c
2023-07-10T11:17:29.878-04:00  INFO 2200 --- [restartedMain] com.zaxxer.hikari.HikariDataSource       : HikariPool-3 - Start completed.
2023-07-10T11:17:29.879-04:00  INFO 2200 --- [restartedMain] SQL dialect                              : HHH000400: Using dialect: org.hibernate.dialect.MySQLDialect
2023-07-10T11:17:29.938-04:00  INFO 2200 --- [restartedMain] o.h.e.t.j.p.i.JtaPlatformInitiator       : HHH000490: Using JtaPlatform implementation: [org.hibernate.engine.transaction.jta.platform.internal.NoJtaPlatform]
2023-07-10T11:17:29.938-04:00  INFO 2200 --- [restartedMain] j.LocalContainerEntityManagerFactoryBean : Initialized JPA EntityManagerFactory for persistence unit 'default'
2023-07-10T11:17:30.021-04:00  WARN 2200 --- [restartedMain] JpaBaseConfiguration$JpaWebConfiguration : spring.jpa.open-in-view is enabled by default. Therefore, database queries may be performed during view rendering. Explicitly configure spring.jpa.open-in-view to disable this warning
2023-07-10T11:17:30.030-04:00  INFO 2200 --- [restartedMain] o.s.b.a.w.s.WelcomePageHandlerMapping    : Adding welcome page template: index
2023-07-10T11:17:30.063-04:00  INFO 2200 --- [restartedMain] o.s.s.web.DefaultSecurityFilterChain     : Will secure any request with [org.springframework.security.web.session.DisableEncodeUrlFilter@2b86fdde, org.springframework.security.web.context.request.async.WebAsyncManagerIntegrationFilter@19825c7e, org.springframework.security.web.context.SecurityContextHolderFilter@32e0f13, org.springframework.security.web.header.HeaderWriterFilter@5c483bbc, org.springframework.security.web.authentication.logout.LogoutFilter@a9d9335, org.springframework.security.web.authentication.UsernamePasswordAuthenticationFilter@4de4db6c, org.springframework.security.web.savedrequest.RequestCacheAwareFilter@50691905, org.springframework.security.web.servletapi.SecurityContextHolderAwareRequestFilter@64300f77, org.springframework.security.web.authentication.AnonymousAuthenticationFilter@30467e54, org.springframework.security.web.access.ExceptionTranslationFilter@18e5911e, org.springframework.security.web.access.intercept.AuthorizationFilter@768becc6]
2023-07-10T11:17:30.092-04:00  INFO 2200 --- [restartedMain] o.s.b.d.a.OptionalLiveReloadServer       : LiveReload server is running on port 35729
2023-07-10T11:17:30.102-04:00  INFO 2200 --- [restartedMain] o.s.b.w.embedded.tomcat.TomcatWebServer  : Tomcat started on port(s): 8081 (http) with context path ''
2023-07-10T11:17:30.104-04:00  INFO 2200 --- [restartedMain] c.capstone.CapStoneProjectApplication    : Started CapStoneProjectApplication in 0.486 seconds (process running for 359.335)
2023-07-10T11:17:30.105-04:00  INFO 2200 --- [restartedMain] .ConditionEvaluationDeltaLoggingListener : Condition evaluation unchanged
2023-07-10T11:19:19.531-04:00  INFO 2200 --- [File Watcher] rtingClassPathChangeChangedEventListener : Restarting due to 3 class path changes (0 additions, 2 deletions, 1 modification)
2023-07-10T11:19:19.544-04:00  INFO 2200 --- [Thread-11] o.apache.catalina.core.StandardService   : Stopping service [Tomcat]
2023-07-10T11:19:19.550-04:00  INFO 2200 --- [Thread-11] j.LocalContainerEntityManagerFactoryBean : Closing JPA EntityManagerFactory for persistence unit 'default'
2023-07-10T11:19:19.551-04:00  INFO 2200 --- [Thread-11] com.zaxxer.hikari.HikariDataSource       : HikariPool-3 - Shutdown initiated...
2023-07-10T11:19:19.553-04:00  INFO 2200 --- [Thread-11] com.zaxxer.hikari.HikariDataSource       : HikariPool-3 - Shutdown completed.
2023-07-10T11:19:19.610-04:00  INFO 2200 --- [restartedMain] c.capstone.CapStoneProjectApplication    : Starting CapStoneProjectApplication using Java 17.0.4.1 with PID 2200 (C:\Users\Bhake\Downloads\CapStoneProject\CapStoneProject\target\classes started by Bhake in C:\Users\Bhake\Downloads\CapStoneProject\CapStoneProject)
2023-07-10T11:19:19.611-04:00  INFO 2200 --- [restartedMain] c.capstone.CapStoneProjectApplication    : No active profile set, falling back to 1 default profile: "default"
2023-07-10T11:19:19.709-04:00  INFO 2200 --- [restartedMain] .s.d.r.c.RepositoryConfigurationDelegate : Bootstrapping Spring Data JPA repositories in DEFAULT mode.
2023-07-10T11:19:19.719-04:00  INFO 2200 --- [restartedMain] .s.d.r.c.RepositoryConfigurationDelegate : Finished Spring Data repository scanning in 9 ms. Found 4 JPA repository interfaces.
2023-07-10T11:19:19.767-04:00  INFO 2200 --- [restartedMain] o.s.b.w.embedded.tomcat.TomcatWebServer  : Tomcat initialized with port(s): 8081 (http)
2023-07-10T11:19:19.768-04:00  INFO 2200 --- [restartedMain] o.apache.catalina.core.StandardService   : Starting service [Tomcat]
2023-07-10T11:19:19.768-04:00  INFO 2200 --- [restartedMain] o.apache.catalina.core.StandardEngine    : Starting Servlet engine: [Apache Tomcat/10.1.4]
2023-07-10T11:19:19.778-04:00  INFO 2200 --- [restartedMain] o.a.c.c.C.[Tomcat].[localhost].[/]       : Initializing Spring embedded WebApplicationContext
2023-07-10T11:19:19.778-04:00  INFO 2200 --- [restartedMain] w.s.c.ServletWebServerApplicationContext : Root WebApplicationContext: initialization completed in 166 ms
2023-07-10T11:19:19.811-04:00  INFO 2200 --- [restartedMain] o.hibernate.jpa.internal.util.LogHelper  : HHH000204: Processing PersistenceUnitInfo [name: default]
2023-07-10T11:19:19.812-04:00  WARN 2200 --- [restartedMain] org.hibernate.orm.deprecation            : HHH90000021: Encountered deprecated setting [javax.persistence.sharedCache.mode], use [jakarta.persistence.sharedCache.mode] instead
2023-07-10T11:19:19.814-04:00  INFO 2200 --- [restartedMain] com.zaxxer.hikari.HikariDataSource       : HikariPool-4 - Starting...
2023-07-10T11:19:19.819-04:00  INFO 2200 --- [restartedMain] com.zaxxer.hikari.pool.HikariPool        : HikariPool-4 - Added connection com.mysql.cj.jdbc.ConnectionImpl@150fdd34
2023-07-10T11:19:19.819-04:00  INFO 2200 --- [restartedMain] com.zaxxer.hikari.HikariDataSource       : HikariPool-4 - Start completed.
2023-07-10T11:19:19.820-04:00  INFO 2200 --- [restartedMain] SQL dialect                              : HHH000400: Using dialect: org.hibernate.dialect.MySQLDialect
2023-07-10T11:19:19.875-04:00  INFO 2200 --- [restartedMain] o.h.e.t.j.p.i.JtaPlatformInitiator       : HHH000490: Using JtaPlatform implementation: [org.hibernate.engine.transaction.jta.platform.internal.NoJtaPlatform]
2023-07-10T11:19:19.876-04:00  INFO 2200 --- [restartedMain] j.LocalContainerEntityManagerFactoryBean : Initialized JPA EntityManagerFactory for persistence unit 'default'
2023-07-10T11:19:19.955-04:00  WARN 2200 --- [restartedMain] JpaBaseConfiguration$JpaWebConfiguration : spring.jpa.open-in-view is enabled by default. Therefore, database queries may be performed during view rendering. Explicitly configure spring.jpa.open-in-view to disable this warning
2023-07-10T11:19:19.964-04:00  INFO 2200 --- [restartedMain] o.s.b.a.w.s.WelcomePageHandlerMapping    : Adding welcome page template: index
2023-07-10T11:19:19.995-04:00  INFO 2200 --- [restartedMain] o.s.s.web.DefaultSecurityFilterChain     : Will secure any request with [org.springframework.security.web.session.DisableEncodeUrlFilter@4610a00, org.springframework.security.web.context.request.async.WebAsyncManagerIntegrationFilter@5a35ad5e, org.springframework.security.web.context.SecurityContextHolderFilter@3d08a870, org.springframework.security.web.header.HeaderWriterFilter@49e07cc8, org.springframework.security.web.authentication.logout.LogoutFilter@3c2cf1a9, org.springframework.security.web.authentication.UsernamePasswordAuthenticationFilter@5f9b09e3, org.springframework.security.web.savedrequest.RequestCacheAwareFilter@4b907a31, org.springframework.security.web.servletapi.SecurityContextHolderAwareRequestFilter@ed3a14c, org.springframework.security.web.authentication.AnonymousAuthenticationFilter@47d8251d, org.springframework.security.web.access.ExceptionTranslationFilter@61e48c5b, org.springframework.security.web.access.intercept.AuthorizationFilter@676f43f6]
2023-07-10T11:19:20.025-04:00  INFO 2200 --- [restartedMain] o.s.b.d.a.OptionalLiveReloadServer       : LiveReload server is running on port 35729
2023-07-10T11:19:20.036-04:00  INFO 2200 --- [restartedMain] o.s.b.w.embedded.tomcat.TomcatWebServer  : Tomcat started on port(s): 8081 (http) with context path ''
2023-07-10T11:19:20.039-04:00  INFO 2200 --- [restartedMain] c.capstone.CapStoneProjectApplication    : Started CapStoneProjectApplication in 0.451 seconds (process running for 469.27)
2023-07-10T11:19:20.040-04:00  INFO 2200 --- [restartedMain] .ConditionEvaluationDeltaLoggingListener : Condition evaluation unchanged
2023-07-10T11:19:58.594-04:00  INFO 2200 --- [File Watcher] rtingClassPathChangeChangedEventListener : Restarting due to 2 class path changes (1 addition, 0 deletions, 1 modification)
2023-07-10T11:19:58.600-04:00  INFO 2200 --- [Thread-15] o.apache.catalina.core.StandardService   : Stopping service [Tomcat]
2023-07-10T11:19:58.605-04:00  INFO 2200 --- [Thread-15] j.LocalContainerEntityManagerFactoryBean : Closing JPA EntityManagerFactory for persistence unit 'default'
2023-07-10T11:19:58.607-04:00  INFO 2200 --- [Thread-15] com.zaxxer.hikari.HikariDataSource       : HikariPool-4 - Shutdown initiated...
2023-07-10T11:19:58.610-04:00  INFO 2200 --- [Thread-15] com.zaxxer.hikari.HikariDataSource       : HikariPool-4 - Shutdown completed.
2023-07-10T11:19:58.669-04:00  INFO 2200 --- [restartedMain] c.capstone.CapStoneProjectApplication    : Starting CapStoneProjectApplication using Java 17.0.4.1 with PID 2200 (C:\Users\Bhake\Downloads\CapStoneProject\CapStoneProject\target\classes started by Bhake in C:\Users\Bhake\Downloads\CapStoneProject\CapStoneProject)
2023-07-10T11:19:58.670-04:00  INFO 2200 --- [restartedMain] c.capstone.CapStoneProjectApplication    : No active profile set, falling back to 1 default profile: "default"
2023-07-10T11:19:58.773-04:00  INFO 2200 --- [restartedMain] .s.d.r.c.RepositoryConfigurationDelegate : Bootstrapping Spring Data JPA repositories in DEFAULT mode.
2023-07-10T11:19:58.784-04:00  INFO 2200 --- [restartedMain] .s.d.r.c.RepositoryConfigurationDelegate : Finished Spring Data repository scanning in 10 ms. Found 4 JPA repository interfaces.
2023-07-10T11:19:58.838-04:00  INFO 2200 --- [restartedMain] o.s.b.w.embedded.tomcat.TomcatWebServer  : Tomcat initialized with port(s): 8081 (http)
2023-07-10T11:19:58.838-04:00  INFO 2200 --- [restartedMain] o.apache.catalina.core.StandardService   : Starting service [Tomcat]
2023-07-10T11:19:58.838-04:00  INFO 2200 --- [restartedMain] o.apache.catalina.core.StandardEngine    : Starting Servlet engine: [Apache Tomcat/10.1.4]
2023-07-10T11:19:58.850-04:00  INFO 2200 --- [restartedMain] o.a.c.c.C.[Tomcat].[localhost].[/]       : Initializing Spring embedded WebApplicationContext
2023-07-10T11:19:58.850-04:00  INFO 2200 --- [restartedMain] w.s.c.ServletWebServerApplicationContext : Root WebApplicationContext: initialization completed in 179 ms
2023-07-10T11:19:58.879-04:00  INFO 2200 --- [restartedMain] o.hibernate.jpa.internal.util.LogHelper  : HHH000204: Processing PersistenceUnitInfo [name: default]
2023-07-10T11:19:58.880-04:00  WARN 2200 --- [restartedMain] org.hibernate.orm.deprecation            : HHH90000021: Encountered deprecated setting [javax.persistence.sharedCache.mode], use [jakarta.persistence.sharedCache.mode] instead
2023-07-10T11:19:58.882-04:00  INFO 2200 --- [restartedMain] com.zaxxer.hikari.HikariDataSource       : HikariPool-5 - Starting...
2023-07-10T11:19:58.888-04:00  INFO 2200 --- [restartedMain] com.zaxxer.hikari.pool.HikariPool        : HikariPool-5 - Added connection com.mysql.cj.jdbc.ConnectionImpl@71d3052b
2023-07-10T11:19:58.888-04:00  INFO 2200 --- [restartedMain] com.zaxxer.hikari.HikariDataSource       : HikariPool-5 - Start completed.
2023-07-10T11:19:58.889-04:00  INFO 2200 --- [restartedMain] SQL dialect                              : HHH000400: Using dialect: org.hibernate.dialect.MySQLDialect
2023-07-10T11:19:58.939-04:00  INFO 2200 --- [restartedMain] o.h.e.t.j.p.i.JtaPlatformInitiator       : HHH000490: Using JtaPlatform implementation: [org.hibernate.engine.transaction.jta.platform.internal.NoJtaPlatform]
2023-07-10T11:19:58.939-04:00  INFO 2200 --- [restartedMain] j.LocalContainerEntityManagerFactoryBean : Initialized JPA EntityManagerFactory for persistence unit 'default'
2023-07-10T11:19:59.018-04:00  WARN 2200 --- [restartedMain] JpaBaseConfiguration$JpaWebConfiguration : spring.jpa.open-in-view is enabled by default. Therefore, database queries may be performed during view rendering. Explicitly configure spring.jpa.open-in-view to disable this warning
2023-07-10T11:19:59.029-04:00  INFO 2200 --- [restartedMain] o.s.b.a.w.s.WelcomePageHandlerMapping    : Adding welcome page template: index
2023-07-10T11:19:59.057-04:00  INFO 2200 --- [restartedMain] o.s.s.web.DefaultSecurityFilterChain     : Will secure any request with [org.springframework.security.web.session.DisableEncodeUrlFilter@59c3d0e0, org.springframework.security.web.context.request.async.WebAsyncManagerIntegrationFilter@6be0c839, org.springframework.security.web.context.SecurityContextHolderFilter@1657a6b9, org.springframework.security.web.header.HeaderWriterFilter@1ed1fa45, org.springframework.security.web.authentication.logout.LogoutFilter@5b747eb2, org.springframework.security.web.authentication.UsernamePasswordAuthenticationFilter@21baab8b, org.springframework.security.web.savedrequest.RequestCacheAwareFilter@22ffc9b, org.springframework.security.web.servletapi.SecurityContextHolderAwareRequestFilter@61afb1c0, org.springframework.security.web.authentication.AnonymousAuthenticationFilter@292b1251, org.springframework.security.web.access.ExceptionTranslationFilter@5616bea0, org.springframework.security.web.access.intercept.AuthorizationFilter@3aff1eda]
2023-07-10T11:19:59.086-04:00  INFO 2200 --- [restartedMain] o.s.b.d.a.OptionalLiveReloadServer       : LiveReload server is running on port 35729
2023-07-10T11:19:59.099-04:00  INFO 2200 --- [restartedMain] o.s.b.w.embedded.tomcat.TomcatWebServer  : Tomcat started on port(s): 8081 (http) with context path ''
2023-07-10T11:19:59.101-04:00  INFO 2200 --- [restartedMain] c.capstone.CapStoneProjectApplication    : Started CapStoneProjectApplication in 0.454 seconds (process running for 508.332)
2023-07-10T11:19:59.102-04:00  INFO 2200 --- [restartedMain] .ConditionEvaluationDeltaLoggingListener : Condition evaluation unchanged
2023-07-10T11:20:15.066-04:00  INFO 2200 --- [File Watcher] rtingClassPathChangeChangedEventListener : Restarting due to 1 class path change (0 additions, 0 deletions, 1 modification)
2023-07-10T11:20:15.074-04:00  INFO 2200 --- [Thread-19] o.apache.catalina.core.StandardService   : Stopping service [Tomcat]
2023-07-10T11:20:15.085-04:00  INFO 2200 --- [Thread-19] j.LocalContainerEntityManagerFactoryBean : Closing JPA EntityManagerFactory for persistence unit 'default'
2023-07-10T11:20:15.085-04:00  INFO 2200 --- [Thread-19] com.zaxxer.hikari.HikariDataSource       : HikariPool-5 - Shutdown initiated...
2023-07-10T11:20:15.090-04:00  INFO 2200 --- [Thread-19] com.zaxxer.hikari.HikariDataSource       : HikariPool-5 - Shutdown completed.
2023-07-10T11:20:15.156-04:00  INFO 2200 --- [restartedMain] c.capstone.CapStoneProjectApplication    : Starting CapStoneProjectApplication using Java 17.0.4.1 with PID 2200 (C:\Users\Bhake\Downloads\CapStoneProject\CapStoneProject\target\classes started by Bhake in C:\Users\Bhake\Downloads\CapStoneProject\CapStoneProject)
2023-07-10T11:20:15.156-04:00  INFO 2200 --- [restartedMain] c.capstone.CapStoneProjectApplication    : No active profile set, falling back to 1 default profile: "default"
2023-07-10T11:20:15.252-04:00  INFO 2200 --- [restartedMain] .s.d.r.c.RepositoryConfigurationDelegate : Bootstrapping Spring Data JPA repositories in DEFAULT mode.
2023-07-10T11:20:15.262-04:00  INFO 2200 --- [restartedMain] .s.d.r.c.RepositoryConfigurationDelegate : Finished Spring Data repository scanning in 9 ms. Found 4 JPA repository interfaces.
2023-07-10T11:20:15.311-04:00  INFO 2200 --- [restartedMain] o.s.b.w.embedded.tomcat.TomcatWebServer  : Tomcat initialized with port(s): 8081 (http)
2023-07-10T11:20:15.312-04:00  INFO 2200 --- [restartedMain] o.apache.catalina.core.StandardService   : Starting service [Tomcat]
2023-07-10T11:20:15.312-04:00  INFO 2200 --- [restartedMain] o.apache.catalina.core.StandardEngine    : Starting Servlet engine: [Apache Tomcat/10.1.4]
2023-07-10T11:20:15.324-04:00  INFO 2200 --- [restartedMain] o.a.c.c.C.[Tomcat].[localhost].[/]       : Initializing Spring embedded WebApplicationContext
2023-07-10T11:20:15.324-04:00  INFO 2200 --- [restartedMain] w.s.c.ServletWebServerApplicationContext : Root WebApplicationContext: initialization completed in 167 ms
2023-07-10T11:20:15.348-04:00  INFO 2200 --- [restartedMain] o.hibernate.jpa.internal.util.LogHelper  : HHH000204: Processing PersistenceUnitInfo [name: default]
2023-07-10T11:20:15.350-04:00  WARN 2200 --- [restartedMain] org.hibernate.orm.deprecation            : HHH90000021: Encountered deprecated setting [javax.persistence.sharedCache.mode], use [jakarta.persistence.sharedCache.mode] instead
2023-07-10T11:20:15.352-04:00  INFO 2200 --- [restartedMain] com.zaxxer.hikari.HikariDataSource       : HikariPool-6 - Starting...
2023-07-10T11:20:15.358-04:00  INFO 2200 --- [restartedMain] com.zaxxer.hikari.pool.HikariPool        : HikariPool-6 - Added connection com.mysql.cj.jdbc.ConnectionImpl@3545dd63
2023-07-10T11:20:15.358-04:00  INFO 2200 --- [restartedMain] com.zaxxer.hikari.HikariDataSource       : HikariPool-6 - Start completed.
2023-07-10T11:20:15.359-04:00  INFO 2200 --- [restartedMain] SQL dialect                              : HHH000400: Using dialect: org.hibernate.dialect.MySQLDialect
2023-07-10T11:20:15.405-04:00  INFO 2200 --- [restartedMain] o.h.e.t.j.p.i.JtaPlatformInitiator       : HHH000490: Using JtaPlatform implementation: [org.hibernate.engine.transaction.jta.platform.internal.NoJtaPlatform]
2023-07-10T11:20:15.405-04:00  INFO 2200 --- [restartedMain] j.LocalContainerEntityManagerFactoryBean : Initialized JPA EntityManagerFactory for persistence unit 'default'
2023-07-10T11:20:15.489-04:00  WARN 2200 --- [restartedMain] JpaBaseConfiguration$JpaWebConfiguration : spring.jpa.open-in-view is enabled by default. Therefore, database queries may be performed during view rendering. Explicitly configure spring.jpa.open-in-view to disable this warning
2023-07-10T11:20:15.497-04:00  INFO 2200 --- [restartedMain] o.s.b.a.w.s.WelcomePageHandlerMapping    : Adding welcome page template: index
2023-07-10T11:20:15.531-04:00  INFO 2200 --- [restartedMain] o.s.s.web.DefaultSecurityFilterChain     : Will secure any request with [org.springframework.security.web.session.DisableEncodeUrlFilter@6405fd93, org.springframework.security.web.context.request.async.WebAsyncManagerIntegrationFilter@6d3262d8, org.springframework.security.web.context.SecurityContextHolderFilter@75f5dc5, org.springframework.security.web.header.HeaderWriterFilter@40353873, org.springframework.security.web.authentication.logout.LogoutFilter@24aed4d1, org.springframework.security.web.authentication.UsernamePasswordAuthenticationFilter@365fafd5, org.springframework.security.web.savedrequest.RequestCacheAwareFilter@31061f95, org.springframework.security.web.servletapi.SecurityContextHolderAwareRequestFilter@30fd4b81, org.springframework.security.web.authentication.AnonymousAuthenticationFilter@61c802fb, org.springframework.security.web.access.ExceptionTranslationFilter@53ba580c, org.springframework.security.web.access.intercept.AuthorizationFilter@7fae6b1e]
2023-07-10T11:20:15.560-04:00  INFO 2200 --- [restartedMain] o.s.b.d.a.OptionalLiveReloadServer       : LiveReload server is running on port 35729
2023-07-10T11:20:15.569-04:00  INFO 2200 --- [restartedMain] o.s.b.w.embedded.tomcat.TomcatWebServer  : Tomcat started on port(s): 8081 (http) with context path ''
2023-07-10T11:20:15.572-04:00  INFO 2200 --- [restartedMain] c.capstone.CapStoneProjectApplication    : Started CapStoneProjectApplication in 0.439 seconds (process running for 524.803)
2023-07-10T11:20:15.573-04:00  INFO 2200 --- [restartedMain] .ConditionEvaluationDeltaLoggingListener : Condition evaluation unchanged
2023-07-10T11:20:57.770-04:00  INFO 2200 --- [http-nio-8081-exec-1] o.a.c.c.C.[Tomcat].[localhost].[/]       : Initializing Spring DispatcherServlet 'dispatcherServlet'
2023-07-10T11:20:57.770-04:00  INFO 2200 --- [http-nio-8081-exec-1] o.s.web.servlet.DispatcherServlet        : Initializing Servlet 'dispatcherServlet'
2023-07-10T11:20:57.771-04:00  INFO 2200 --- [http-nio-8081-exec-1] o.s.web.servlet.DispatcherServlet        : Completed initialization in 1 ms
2023-07-10T11:23:41.767-04:00  INFO 2200 --- [RMI TCP Connection(15)-127.0.0.1] inMXBeanRegistrar$SpringApplicationAdmin : Application shutdown requested.
2023-07-10T11:23:41.778-04:00  INFO 2200 --- [RMI TCP Connection(15)-127.0.0.1] o.apache.catalina.core.StandardService   : Stopping service [Tomcat]
2023-07-10T11:23:41.778-04:00  INFO 2200 --- [RMI TCP Connection(15)-127.0.0.1] o.a.c.c.C.[Tomcat].[localhost].[/]       : Destroying Spring FrameworkServlet 'dispatcherServlet'
2023-07-10T11:23:41.786-04:00  INFO 2200 --- [RMI TCP Connection(15)-127.0.0.1] j.LocalContainerEntityManagerFactoryBean : Closing JPA EntityManagerFactory for persistence unit 'default'
2023-07-10T11:23:41.787-04:00  INFO 2200 --- [RMI TCP Connection(15)-127.0.0.1] com.zaxxer.hikari.HikariDataSource       : HikariPool-6 - Shutdown initiated...
2023-07-10T11:23:41.791-04:00  INFO 2200 --- [RMI TCP Connection(15)-127.0.0.1] com.zaxxer.hikari.HikariDataSource       : HikariPool-6 - Shutdown completed.
2023-07-10T11:26:03.118-04:00  INFO 23696 --- [restartedMain] c.capstone.CapStoneProjectApplication    : Starting CapStoneProjectApplication using Java 17.0.4.1 with PID 23696 (C:\Users\Bhake\Downloads\CapStoneProject\CapStoneProject\target\classes started by Bhake in C:\Users\Bhake\Downloads\CapStoneProject\CapStoneProject)
2023-07-10T11:26:03.121-04:00  INFO 23696 --- [restartedMain] c.capstone.CapStoneProjectApplication    : No active profile set, falling back to 1 default profile: "default"
2023-07-10T11:26:03.180-04:00  INFO 23696 --- [restartedMain] .e.DevToolsPropertyDefaultsPostProcessor : Devtools property defaults active! Set 'spring.devtools.add-properties' to 'false' to disable
2023-07-10T11:26:03.180-04:00  INFO 23696 --- [restartedMain] .e.DevToolsPropertyDefaultsPostProcessor : For additional web related logging consider setting the 'logging.level.web' property to 'DEBUG'
2023-07-10T11:26:03.941-04:00  INFO 23696 --- [restartedMain] .s.d.r.c.RepositoryConfigurationDelegate : Bootstrapping Spring Data JPA repositories in DEFAULT mode.
2023-07-10T11:26:04.009-04:00  INFO 23696 --- [restartedMain] .s.d.r.c.RepositoryConfigurationDelegate : Finished Spring Data repository scanning in 62 ms. Found 4 JPA repository interfaces.
2023-07-10T11:26:04.581-04:00  INFO 23696 --- [restartedMain] o.s.b.w.embedded.tomcat.TomcatWebServer  : Tomcat initialized with port(s): 8081 (http)
2023-07-10T11:26:04.592-04:00  INFO 23696 --- [restartedMain] o.apache.catalina.core.StandardService   : Starting service [Tomcat]
2023-07-10T11:26:04.593-04:00  INFO 23696 --- [restartedMain] o.apache.catalina.core.StandardEngine    : Starting Servlet engine: [Apache Tomcat/10.1.4]
2023-07-10T11:26:04.645-04:00  INFO 23696 --- [restartedMain] o.a.c.c.C.[Tomcat].[localhost].[/]       : Initializing Spring embedded WebApplicationContext
2023-07-10T11:26:04.645-04:00  INFO 23696 --- [restartedMain] w.s.c.ServletWebServerApplicationContext : Root WebApplicationContext: initialization completed in 1464 ms
2023-07-10T11:26:04.821-04:00  INFO 23696 --- [restartedMain] o.hibernate.jpa.internal.util.LogHelper  : HHH000204: Processing PersistenceUnitInfo [name: default]
2023-07-10T11:26:04.859-04:00  INFO 23696 --- [restartedMain] org.hibernate.Version                    : HHH000412: Hibernate ORM core version 6.1.6.Final
2023-07-10T11:26:05.003-04:00  WARN 23696 --- [restartedMain] org.hibernate.orm.deprecation            : HHH90000021: Encountered deprecated setting [javax.persistence.sharedCache.mode], use [jakarta.persistence.sharedCache.mode] instead
2023-07-10T11:26:05.091-04:00  INFO 23696 --- [restartedMain] com.zaxxer.hikari.HikariDataSource       : HikariPool-1 - Starting...
2023-07-10T11:26:05.259-04:00  INFO 23696 --- [restartedMain] com.zaxxer.hikari.pool.HikariPool        : HikariPool-1 - Added connection com.mysql.cj.jdbc.ConnectionImpl@4513b2b2
2023-07-10T11:26:05.261-04:00  INFO 23696 --- [restartedMain] com.zaxxer.hikari.HikariDataSource       : HikariPool-1 - Start completed.
2023-07-10T11:26:05.307-04:00  INFO 23696 --- [restartedMain] SQL dialect                              : HHH000400: Using dialect: org.hibernate.dialect.MySQLDialect
2023-07-10T11:26:05.970-04:00  INFO 23696 --- [restartedMain] o.h.e.t.j.p.i.JtaPlatformInitiator       : HHH000490: Using JtaPlatform implementation: [org.hibernate.engine.transaction.jta.platform.internal.NoJtaPlatform]
2023-07-10T11:26:05.978-04:00  INFO 23696 --- [restartedMain] j.LocalContainerEntityManagerFactoryBean : Initialized JPA EntityManagerFactory for persistence unit 'default'
2023-07-10T11:26:06.373-04:00  WARN 23696 --- [restartedMain] JpaBaseConfiguration$JpaWebConfiguration : spring.jpa.open-in-view is enabled by default. Therefore, database queries may be performed during view rendering. Explicitly configure spring.jpa.open-in-view to disable this warning
2023-07-10T11:26:06.449-04:00  INFO 23696 --- [restartedMain] o.s.b.a.w.s.WelcomePageHandlerMapping    : Adding welcome page template: index
2023-07-10T11:26:06.603-04:00  INFO 23696 --- [restartedMain] o.s.s.web.DefaultSecurityFilterChain     : Will secure any request with [org.springframework.security.web.session.DisableEncodeUrlFilter@3d9d878e, org.springframework.security.web.context.request.async.WebAsyncManagerIntegrationFilter@2f124516, org.springframework.security.web.context.SecurityContextHolderFilter@64a36493, org.springframework.security.web.header.HeaderWriterFilter@1a4e3175, org.springframework.security.web.authentication.logout.LogoutFilter@5e1475a9, org.springframework.security.web.authentication.UsernamePasswordAuthenticationFilter@4c3b4107, org.springframework.security.web.savedrequest.RequestCacheAwareFilter@1c19507b, org.springframework.security.web.servletapi.SecurityContextHolderAwareRequestFilter@44f90122, org.springframework.security.web.authentication.AnonymousAuthenticationFilter@39370a8a, org.springframework.security.web.access.ExceptionTranslationFilter@5bcbd5d3, org.springframework.security.web.access.intercept.AuthorizationFilter@449ad0e3]
2023-07-10T11:26:06.819-04:00  INFO 23696 --- [restartedMain] o.s.b.d.a.OptionalLiveReloadServer       : LiveReload server is running on port 35729
2023-07-10T11:26:06.857-04:00  INFO 23696 --- [restartedMain] o.s.b.w.embedded.tomcat.TomcatWebServer  : Tomcat started on port(s): 8081 (http) with context path ''
2023-07-10T11:26:06.865-04:00  INFO 23696 --- [restartedMain] c.capstone.CapStoneProjectApplication    : Started CapStoneProjectApplication in 4.157 seconds (process running for 5.1)
2023-07-10T11:26:33.020-04:00  INFO 23696 --- [http-nio-8081-exec-1] o.a.c.c.C.[Tomcat].[localhost].[/]       : Initializing Spring DispatcherServlet 'dispatcherServlet'
2023-07-10T11:26:33.021-04:00  INFO 23696 --- [http-nio-8081-exec-1] o.s.web.servlet.DispatcherServlet        : Initializing Servlet 'dispatcherServlet'
2023-07-10T11:26:33.021-04:00  INFO 23696 --- [http-nio-8081-exec-1] o.s.web.servlet.DispatcherServlet        : Completed initialization in 0 ms
2023-07-10T11:27:24.139-04:00 DEBUG 23696 --- [http-nio-8081-exec-1] org.hibernate.SQL                        : select u1_0.id,u1_0.email,u1_0.name,u1_0.password from users u1_0 where u1_0.email=?
2023-07-10T11:27:24.275-04:00 DEBUG 23696 --- [http-nio-8081-exec-1] org.hibernate.SQL                        : select r1_0.id,r1_0.name from roles r1_0 where r1_0.name=?
2023-07-10T11:27:24.329-04:00 DEBUG 23696 --- [http-nio-8081-exec-1] org.hibernate.SQL                        : insert into users (email, name, password) values (?, ?, ?)
2023-07-10T11:27:24.358-04:00 DEBUG 23696 --- [http-nio-8081-exec-1] org.hibernate.SQL                        : insert into users_roles (user_id, role_id) values (?, ?)
2023-07-10T11:28:11.957-04:00 DEBUG 23696 --- [http-nio-8081-exec-7] org.hibernate.SQL                        : select u1_0.id,u1_0.email,u1_0.name,u1_0.password from users u1_0 where u1_0.email=?
2023-07-10T11:28:11.975-04:00 DEBUG 23696 --- [http-nio-8081-exec-7] org.hibernate.SQL                        : select r1_0.user_id,r1_1.id,r1_1.name from users_roles r1_0 join roles r1_1 on r1_1.id=r1_0.role_id where r1_0.user_id=?
2023-07-10T11:29:30.859-04:00 DEBUG 23696 --- [http-nio-8081-exec-8] org.hibernate.SQL                        : select c1_0.id,c1_0.email,c1_0.first_name,c1_0.last_name,c1_0.message,c1_0.phone_number from contacts c1_0 where c1_0.email=?
2023-07-10T11:29:30.868-04:00 DEBUG 23696 --- [http-nio-8081-exec-8] org.hibernate.SQL                        : select next_val as id_val from contacts_seq for update
2023-07-10T11:29:30.874-04:00 DEBUG 23696 --- [http-nio-8081-exec-8] org.hibernate.SQL                        : update contacts_seq set next_val= ? where next_val=?
2023-07-10T11:29:30.882-04:00 DEBUG 23696 --- [http-nio-8081-exec-8] org.hibernate.SQL                        : insert into contacts (email, first_name, last_name, message, phone_number, id) values (?, ?, ?, ?, ?, ?)
2023-07-10T15:49:12.705-04:00  INFO 23696 --- [RMI TCP Connection(265)-127.0.0.1] inMXBeanRegistrar$SpringApplicationAdmin : Application shutdown requested.
2023-07-10T15:49:12.854-04:00  INFO 23696 --- [RMI TCP Connection(265)-127.0.0.1] o.apache.catalina.core.StandardService   : Stopping service [Tomcat]
2023-07-10T15:49:12.867-04:00  INFO 23696 --- [RMI TCP Connection(265)-127.0.0.1] o.a.c.c.C.[Tomcat].[localhost].[/]       : Destroying Spring FrameworkServlet 'dispatcherServlet'
2023-07-10T15:49:12.912-04:00  INFO 23696 --- [RMI TCP Connection(265)-127.0.0.1] j.LocalContainerEntityManagerFactoryBean : Closing JPA EntityManagerFactory for persistence unit 'default'
2023-07-10T15:49:12.972-04:00  INFO 23696 --- [RMI TCP Connection(265)-127.0.0.1] com.zaxxer.hikari.HikariDataSource       : HikariPool-1 - Shutdown initiated...
2023-07-10T15:49:12.982-04:00  INFO 23696 --- [RMI TCP Connection(265)-127.0.0.1] com.zaxxer.hikari.HikariDataSource       : HikariPool-1 - Shutdown completed.
